[main] DEBUG com.multiconnect.XMLReader  - parentDirectory=/home/DN270791NDI/NetBeansProjects/NetBeans 8.0/multiConnectMaven/TestXML, 
 newDirectory=/home/DN270791NDI/NetBeansProjects/NetBeans 8.0/multiConnectMaven/GoodXML
[main] DEBUG com.multiconnect.XMLReader  - dir=/home/DN270791NDI/NetBeansProjects/NetBeans 8.0/multiConnectMaven/GoodXML
[main] DEBUG com.multiconnect.XMLReader  - Name file=testEntry99.xml
[main] DEBUG com.multiconnect.XMLReader  - Root element: Entry
[main] DEBUG com.multiconnect.XMLReader  - flag=false
[main] DEBUG com.multiconnect.XMLReader  - Content : Содержимое записи1
[main] DEBUG com.multiconnect.XMLReader  - Content length < 1024
[main] DEBUG com.multiconnect.XMLReader  - Creation date : 9999-12-32 00:00:00
[main] DEBUG com.multiconnect.XMLReader  - Неккоректный формат даты создания записи!
[main] DEBUG com.multiconnect.XMLReader  - File is NOT moved
[main] DEBUG com.multiconnect.XMLReader  - Name file=testNoCorrectContent.xml
[main] DEBUG com.multiconnect.XMLReader  - Root element: Entry
[main] DEBUG com.multiconnect.XMLReader  - flag=false
[main] DEBUG com.multiconnect.XMLReader  - Content : Тестовое задание (Java)
Необходимо разработать Java-приложение, которое мониторит заданную директорию на
наличие файлов определенного XML-формата. При обнаружении файла подходящего
формата приложение сохраняет его содержимое в аналогичную по структуре таблицу в
PostgreSQL и перемещает файл в каталог обработанных файлов.
Формат входного XML-файла:
Таблица должен содержать все поля XML-файла и идентификатор записи.
Приложение должно:
• обратабывать ошибки (неверный формат файла, циклические симлинки,
восстанавливаться после некорректного останова, выдавать понятные ошибки при
недоступности базы и тд)
• быть производительным (файлов может быть миллионы, поэтому необходимо
использовать пулы потоков и соединений)
• автоматически собираться, используя gradle. Результатом сборки должен быть готовый к
использованию дистрибутив
• содержать файл readme с инструкцией по сборке и развертыванию приложения
• содержать скрипты для запуска на Win и *nix-платформах
• содержать sql-скрипт создания таблицы
UML-диаграммы и юнит-тесты необязательны, но приветствуются.
Языки, библиотеки, фреймворки: Java 7, PostgreSQL 9.4, Gradle, Log4j(Logback),
JUnit(TestNG), Hibernate(JDBC). В скобках указаны альтернативные технлогии, которыми
можно пользоваться для выполнения задания.
Календарный срок выполнения: 1 неделя.

[main] DEBUG com.multiconnect.XMLReader  - Cтрока content длиной больше 1024 символов!
[main] DEBUG com.multiconnect.XMLReader  - File is NOT moved
[main] DEBUG com.multiconnect.XMLReader  - Name file=testEntry.xml
[main] DEBUG com.multiconnect.XMLReader  - Root element: Entry
[main] DEBUG com.multiconnect.XMLReader  - flag=false
[main] DEBUG com.multiconnect.XMLReader  - Content : Содержимое записи testEntry
[main] DEBUG com.multiconnect.XMLReader  - Content length < 1024
[main] DEBUG com.multiconnect.XMLReader  - Creation date : 2011-01-01 00:00:00
[main] DEBUG com.multiconnect.XMLReader  - Date VALID is: 2011-01-01 00:00:00
[main] DEBUG com.multiconnect.XMLReader  - entry: Entry {content=Содержимое записи testEntry, creationDate=2011-01-01 00:00:00}.
[main] DEBUG com.multiconnect.XMLReader  - listEntry: [Entry {content=Содержимое записи testEntry, creationDate=2011-01-01 00:00:00}].
[main] DEBUG com.multiconnect.XMLReader  - File is moved
[main] DEBUG com.multiconnect.XMLReader  - Name file=testNotEntry.xml
[main] DEBUG com.multiconnect.XMLReader  - Root element: NotEntry
[main] DEBUG com.multiconnect.XMLReader  - File is NOT moved
[main] DEBUG com.multiconnect.XMLReader  - Name directory=SubFolder
[main] DEBUG com.multiconnect.XMLReader  - dir=/home/DN270791NDI/NetBeansProjects/NetBeans 8.0/multiConnectMaven/GoodXML
[main] DEBUG com.multiconnect.XMLReader  - Name file=InsertedTestEntry99.xml
[main] DEBUG com.multiconnect.XMLReader  - Root element: Entry
[main] DEBUG com.multiconnect.XMLReader  - flag=false
[main] DEBUG com.multiconnect.XMLReader  - Content : Содержимое записи1
[main] DEBUG com.multiconnect.XMLReader  - Content length < 1024
[main] DEBUG com.multiconnect.XMLReader  - Creation date : 9999-12-32 00:00:00
[main] DEBUG com.multiconnect.XMLReader  - Неккоректный формат даты создания записи!
[main] DEBUG com.multiconnect.XMLReader  - File is NOT moved
[main] DEBUG com.multiconnect.XMLReader  - Name file=InsertedTestNotEntry.xml
[main] DEBUG com.multiconnect.XMLReader  - Root element: NotEntry
[main] DEBUG com.multiconnect.XMLReader  - File is NOT moved
[main] DEBUG com.multiconnect.XMLReader  - Name file=InsertedTestNoCorrectContent.xml
[main] DEBUG com.multiconnect.XMLReader  - Root element: Entry
[main] DEBUG com.multiconnect.XMLReader  - flag=false
[main] DEBUG com.multiconnect.XMLReader  - Content : Тестовое задание (Java)
Необходимо разработать Java-приложение, которое мониторит заданную директорию на
наличие файлов определенного XML-формата. При обнаружении файла подходящего
формата приложение сохраняет его содержимое в аналогичную по структуре таблицу в
PostgreSQL и перемещает файл в каталог обработанных файлов.
Формат входного XML-файла:
Таблица должен содержать все поля XML-файла и идентификатор записи.
Приложение должно:
• обратабывать ошибки (неверный формат файла, циклические симлинки,
восстанавливаться после некорректного останова, выдавать понятные ошибки при
недоступности базы и тд)
• быть производительным (файлов может быть миллионы, поэтому необходимо
использовать пулы потоков и соединений)
• автоматически собираться, используя gradle. Результатом сборки должен быть готовый к
использованию дистрибутив
• содержать файл readme с инструкцией по сборке и развертыванию приложения
• содержать скрипты для запуска на Win и *nix-платформах
• содержать sql-скрипт создания таблицы
UML-диаграммы и юнит-тесты необязательны, но приветствуются.
Языки, библиотеки, фреймворки: Java 7, PostgreSQL 9.4, Gradle, Log4j(Logback),
JUnit(TestNG), Hibernate(JDBC). В скобках указаны альтернативные технлогии, которыми
можно пользоваться для выполнения задания.
Календарный срок выполнения: 1 неделя.

[main] DEBUG com.multiconnect.XMLReader  - Cтрока content длиной больше 1024 символов!
[main] DEBUG com.multiconnect.XMLReader  - File is NOT moved
[main] DEBUG com.multiconnect.XMLReader  - Name file=InsertedTestEntry.xml
[main] DEBUG com.multiconnect.XMLReader  - Root element: Entry
[main] DEBUG com.multiconnect.XMLReader  - flag=false
[main] DEBUG com.multiconnect.XMLReader  - Content : Содержимое записи InsertedTestEntry 
[main] DEBUG com.multiconnect.XMLReader  - Content length < 1024
[main] DEBUG com.multiconnect.XMLReader  - Creation date : 2012-12-12 12:12:12
[main] DEBUG com.multiconnect.XMLReader  - Date VALID is: 2012-12-12 12:12:12
[main] DEBUG com.multiconnect.XMLReader  - entry: Entry {content=Содержимое записи InsertedTestEntry , creationDate=2012-12-12 12:12:12}.
[main] DEBUG com.multiconnect.XMLReader  - listEntry: [Entry {content=Содержимое записи testEntry, creationDate=2011-01-01 00:00:00}, Entry {content=Содержимое записи InsertedTestEntry , creationDate=2012-12-12 12:12:12}].
[main] DEBUG com.multiconnect.XMLReader  - File is moved
[main] DEBUG com.multiconnect.XMLReader  - Name file=InsertedTestNoCorrectDate.xml
[main] DEBUG com.multiconnect.XMLReader  - Root element: Entry
[main] DEBUG com.multiconnect.XMLReader  - flag=false
[main] DEBUG com.multiconnect.XMLReader  - Content : Содержимое записи2
[main] DEBUG com.multiconnect.XMLReader  - Content length < 1024
[main] DEBUG com.multiconnect.XMLReader  - Creation date : 2012-02-02
[main] DEBUG com.multiconnect.XMLReader  - Неккоректный формат даты создания записи!
[main] DEBUG com.multiconnect.XMLReader  - File is NOT moved
[main] DEBUG com.multiconnect.XMLReader  - Name file=testNoCorrectDate.xml
[main] DEBUG com.multiconnect.XMLReader  - Root element: Entry
[main] DEBUG com.multiconnect.XMLReader  - flag=false
[main] DEBUG com.multiconnect.XMLReader  - Content : Содержимое записи2
[main] DEBUG com.multiconnect.XMLReader  - Content length < 1024
[main] DEBUG com.multiconnect.XMLReader  - Creation date : 2012-02-02
[main] DEBUG com.multiconnect.XMLReader  - Неккоректный формат даты создания записи!
[main] DEBUG com.multiconnect.XMLReader  - File is NOT moved
[main] DEBUG com.multiconnect.XMLReader  - END listEntry: [Entry {content=Содержимое записи testEntry, creationDate=2011-01-01 00:00:00}, Entry {content=Содержимое записи InsertedTestEntry , creationDate=2012-12-12 12:12:12}].
